[35m[1mScanning dependencies of target _dingo_control_generate_messages_check_deps_Angle[0m
[  0%] Built target _dingo_control_generate_messages_check_deps_Angle
[35m[1mScanning dependencies of target std_msgs_generate_messages_lisp[0m
[  0%] Built target std_msgs_generate_messages_lisp
[35m[1mScanning dependencies of target _dingo_control_generate_messages_check_deps_TaskSpace[0m
[  0%] Built target _dingo_control_generate_messages_check_deps_TaskSpace
[35m[1mScanning dependencies of target _dingo_control_generate_messages_check_deps_JointSpace[0m
[  0%] Built target _dingo_control_generate_messages_check_deps_JointSpace
[35m[1mScanning dependencies of target geometry_msgs_generate_messages_lisp[0m
[  0%] Built target geometry_msgs_generate_messages_lisp
[35m[1mScanning dependencies of target geometry_msgs_generate_messages_nodejs[0m
[  0%] Built target geometry_msgs_generate_messages_nodejs
[35m[1mScanning dependencies of target std_msgs_generate_messages_nodejs[0m
[  0%] Built target std_msgs_generate_messages_nodejs
[35m[1mScanning dependencies of target std_msgs_generate_messages_eus[0m
[  0%] Built target std_msgs_generate_messages_eus
[35m[1mScanning dependencies of target geometry_msgs_generate_messages_eus[0m
[  0%] Built target geometry_msgs_generate_messages_eus
[35m[1mScanning dependencies of target std_msgs_generate_messages_cpp[0m
[  0%] Built target std_msgs_generate_messages_cpp
[35m[1mScanning dependencies of target geometry_msgs_generate_messages_cpp[0m
[  0%] Built target geometry_msgs_generate_messages_cpp
[35m[1mScanning dependencies of target std_msgs_generate_messages_py[0m
[  0%] Built target std_msgs_generate_messages_py
[35m[1mScanning dependencies of target geometry_msgs_generate_messages_py[0m
[  0%] Built target geometry_msgs_generate_messages_py
[35m[1mScanning dependencies of target dingo_control_generate_messages_lisp[0m
[  5%] [34m[1mGenerating Lisp code from dingo_control/TaskSpace.msg[0m
[ 11%] [34m[1mGenerating Lisp code from dingo_control/JointSpace.msg[0m
[ 17%] [34m[1mGenerating Lisp code from dingo_control/Angle.msg[0m
[ 17%] Built target dingo_control_generate_messages_lisp
[35m[1mScanning dependencies of target dingo_control_generate_messages_nodejs[0m
[ 23%] [34m[1mGenerating Javascript code from dingo_control/TaskSpace.msg[0m
[ 29%] [34m[1mGenerating Javascript code from dingo_control/JointSpace.msg[0m
[ 35%] [34m[1mGenerating Javascript code from dingo_control/Angle.msg[0m
[ 35%] Built target dingo_control_generate_messages_nodejs
[35m[1mScanning dependencies of target dingo_control_generate_messages_eus[0m
[ 41%] [34m[1mGenerating EusLisp code from dingo_control/TaskSpace.msg[0m
[ 47%] [34m[1mGenerating EusLisp code from dingo_control/JointSpace.msg[0m
[ 52%] [34m[1mGenerating EusLisp code from dingo_control/Angle.msg[0m
[ 58%] [34m[1mGenerating EusLisp manifest code for dingo_control[0m
[ 58%] Built target dingo_control_generate_messages_eus
[35m[1mScanning dependencies of target dingo_control_generate_messages_cpp[0m
[ 64%] [34m[1mGenerating C++ code from dingo_control/TaskSpace.msg[0m
[ 70%] [34m[1mGenerating C++ code from dingo_control/JointSpace.msg[0m
[ 76%] [34m[1mGenerating C++ code from dingo_control/Angle.msg[0m
[35m[1mScanning dependencies of target dingo_control_generate_messages_py[0m
[ 82%] [34m[1mGenerating Python from MSG dingo_control/TaskSpace[0m
[ 82%] Built target dingo_control_generate_messages_cpp
[ 88%] [34m[1mGenerating Python from MSG dingo_control/JointSpace[0m
[ 94%] [34m[1mGenerating Python from MSG dingo_control/Angle[0m
[100%] [34m[1mGenerating Python msg __init__.py for dingo_control[0m
[100%] Built target dingo_control_generate_messages_py
[35m[1mScanning dependencies of target dingo_control_generate_messages[0m
[100%] Built target dingo_control_generate_messages
