Symlinking /home/dingo/DingoQuadruped/dingo_ws/devel/include/dingo_control/JointSpace.h
Symlinking /home/dingo/DingoQuadruped/dingo_ws/devel/include/dingo_control/TaskSpace.h
Symlinking /home/dingo/DingoQuadruped/dingo_ws/devel/include/dingo_control/Angle.h
Symlinking /home/dingo/DingoQuadruped/dingo_ws/devel/lib/pkgconfig/dingo_control.pc
Symlinking /home/dingo/DingoQuadruped/dingo_ws/devel/lib/python3/dist-packages/dingo_control/__init__.py
Symlinking /home/dingo/DingoQuadruped/dingo_ws/devel/lib/python3/dist-packages/dingo_control/msg/_TaskSpace.py
Symlinking /home/dingo/DingoQuadruped/dingo_ws/devel/lib/python3/dist-packages/dingo_control/msg/_Angle.py
Symlinking /home/dingo/DingoQuadruped/dingo_ws/devel/lib/python3/dist-packages/dingo_control/msg/_JointSpace.py
Symlinking /home/dingo/DingoQuadruped/dingo_ws/devel/lib/python3/dist-packages/dingo_control/msg/__init__.py
Symlinking /home/dingo/DingoQuadruped/dingo_ws/devel/share/roseus/ros/dingo_control/manifest.l
Symlinking /home/dingo/DingoQuadruped/dingo_ws/devel/share/roseus/ros/dingo_control/msg/Angle.l
Symlinking /home/dingo/DingoQuadruped/dingo_ws/devel/share/roseus/ros/dingo_control/msg/JointSpace.l
Symlinking /home/dingo/DingoQuadruped/dingo_ws/devel/share/roseus/ros/dingo_control/msg/TaskSpace.l
Symlinking /home/dingo/DingoQuadruped/dingo_ws/devel/share/common-lisp/ros/dingo_control/msg/JointSpace.lisp
Symlinking /home/dingo/DingoQuadruped/dingo_ws/devel/share/common-lisp/ros/dingo_control/msg/Angle.lisp
Symlinking /home/dingo/DingoQuadruped/dingo_ws/devel/share/common-lisp/ros/dingo_control/msg/TaskSpace.lisp
Symlinking /home/dingo/DingoQuadruped/dingo_ws/devel/share/common-lisp/ros/dingo_control/msg/dingo_control-msg.asd
Symlinking /home/dingo/DingoQuadruped/dingo_ws/devel/share/common-lisp/ros/dingo_control/msg/_package_Angle.lisp
Symlinking /home/dingo/DingoQuadruped/dingo_ws/devel/share/common-lisp/ros/dingo_control/msg/_package_JointSpace.lisp
Symlinking /home/dingo/DingoQuadruped/dingo_ws/devel/share/common-lisp/ros/dingo_control/msg/_package_TaskSpace.lisp
Symlinking /home/dingo/DingoQuadruped/dingo_ws/devel/share/common-lisp/ros/dingo_control/msg/_package.lisp
Symlinking /home/dingo/DingoQuadruped/dingo_ws/devel/share/dingo_control/cmake/dingo_controlConfig-version.cmake
Symlinking /home/dingo/DingoQuadruped/dingo_ws/devel/share/dingo_control/cmake/dingo_control-msg-paths.cmake
Symlinking /home/dingo/DingoQuadruped/dingo_ws/devel/share/dingo_control/cmake/dingo_controlConfig.cmake
Symlinking /home/dingo/DingoQuadruped/dingo_ws/devel/share/dingo_control/cmake/dingo_control-msg-extras.cmake
Symlinking /home/dingo/DingoQuadruped/dingo_ws/devel/share/gennodejs/ros/dingo_control/_index.js
Symlinking /home/dingo/DingoQuadruped/dingo_ws/devel/share/gennodejs/ros/dingo_control/msg/Angle.js
Symlinking /home/dingo/DingoQuadruped/dingo_ws/devel/share/gennodejs/ros/dingo_control/msg/_index.js
Symlinking /home/dingo/DingoQuadruped/dingo_ws/devel/share/gennodejs/ros/dingo_control/msg/JointSpace.js
Symlinking /home/dingo/DingoQuadruped/dingo_ws/devel/share/gennodejs/ros/dingo_control/msg/TaskSpace.js
