[  0%] Built target _dingo_control_generate_messages_check_deps_Angle
[  0%] Built target std_msgs_generate_messages_lisp
[  0%] Built target _dingo_control_generate_messages_check_deps_ConCir
[  0%] Built target _dingo_control_generate_messages_check_deps_TaskSpace
[  0%] Built target _dingo_control_generate_messages_check_deps_JointSpace
[  0%] Built target geometry_msgs_generate_messages_lisp
[  0%] Built target geometry_msgs_generate_messages_nodejs
[  0%] Built target std_msgs_generate_messages_nodejs
[  0%] Built target std_msgs_generate_messages_py
[  0%] Built target geometry_msgs_generate_messages_py
[  0%] Built target std_msgs_generate_messages_eus
[  0%] Built target geometry_msgs_generate_messages_eus
[  0%] Built target std_msgs_generate_messages_cpp
[  0%] Built target geometry_msgs_generate_messages_cpp
[ 18%] Built target dingo_control_generate_messages_lisp
[ 36%] Built target dingo_control_generate_messages_nodejs
[ 59%] Built target dingo_control_generate_messages_py
[ 81%] Built target dingo_control_generate_messages_eus
[100%] Built target dingo_control_generate_messages_cpp
[100%] Built target dingo_control_generate_messages
