[35m[1mScanning dependencies of target _dingo_control_generate_messages_check_deps_ConCir[0m
[  0%] Built target std_msgs_generate_messages_lisp
[  0%] Built target _dingo_control_generate_messages_check_deps_Angle
[  0%] Built target _dingo_control_generate_messages_check_deps_ConCir
[  0%] Built target _dingo_control_generate_messages_check_deps_TaskSpace
[  0%] Built target geometry_msgs_generate_messages_lisp
[  0%] Built target geometry_msgs_generate_messages_nodejs
[  0%] Built target _dingo_control_generate_messages_check_deps_JointSpace
[  0%] Built target std_msgs_generate_messages_nodejs
[  0%] Built target std_msgs_generate_messages_py
[  0%] Built target geometry_msgs_generate_messages_py
[  0%] Built target geometry_msgs_generate_messages_eus
[  0%] Built target std_msgs_generate_messages_eus
[  0%] Built target std_msgs_generate_messages_cpp
[  0%] Built target geometry_msgs_generate_messages_cpp
[  4%] [34m[1mGenerating Lisp code from dingo_control/ConCir.msg[0m
[  9%] [34m[1mGenerating Javascript code from dingo_control/ConCir.msg[0m
[ 13%] [34m[1mGenerating Python from MSG dingo_control/ConCir[0m
[ 18%] [34m[1mGenerating EusLisp code from dingo_control/ConCir.msg[0m
[ 31%] Built target dingo_control_generate_messages_lisp
[ 45%] Built target dingo_control_generate_messages_nodejs
[ 50%] [34m[1mGenerating C++ code from dingo_control/ConCir.msg[0m
[ 68%] Built target dingo_control_generate_messages_eus
[ 72%] [34m[1mGenerating Python msg __init__.py for dingo_control[0m
[ 86%] Built target dingo_control_generate_messages_cpp
[100%] Built target dingo_control_generate_messages_py
[100%] Built target dingo_control_generate_messages
