Linked: (/home/dingo/DingoQuadruped/dingo_ws/devel/.private/dingo_control/include/dingo_control/JointSpace.h, /home/dingo/DingoQuadruped/dingo_ws/devel/include/dingo_control/JointSpace.h)
Linked: (/home/dingo/DingoQuadruped/dingo_ws/devel/.private/dingo_control/include/dingo_control/TaskSpace.h, /home/dingo/DingoQuadruped/dingo_ws/devel/include/dingo_control/TaskSpace.h)
Linked: (/home/dingo/DingoQuadruped/dingo_ws/devel/.private/dingo_control/include/dingo_control/Angle.h, /home/dingo/DingoQuadruped/dingo_ws/devel/include/dingo_control/Angle.h)
Linked: (/home/dingo/DingoQuadruped/dingo_ws/devel/.private/dingo_control/lib/pkgconfig/dingo_control.pc, /home/dingo/DingoQuadruped/dingo_ws/devel/lib/pkgconfig/dingo_control.pc)
Linked: (/home/dingo/DingoQuadruped/dingo_ws/devel/.private/dingo_control/lib/python3/dist-packages/dingo_control/__init__.py, /home/dingo/DingoQuadruped/dingo_ws/devel/lib/python3/dist-packages/dingo_control/__init__.py)
Linked: (/home/dingo/DingoQuadruped/dingo_ws/devel/.private/dingo_control/lib/python3/dist-packages/dingo_control/msg/_TaskSpace.py, /home/dingo/DingoQuadruped/dingo_ws/devel/lib/python3/dist-packages/dingo_control/msg/_TaskSpace.py)
Linked: (/home/dingo/DingoQuadruped/dingo_ws/devel/.private/dingo_control/lib/python3/dist-packages/dingo_control/msg/_Angle.py, /home/dingo/DingoQuadruped/dingo_ws/devel/lib/python3/dist-packages/dingo_control/msg/_Angle.py)
Linked: (/home/dingo/DingoQuadruped/dingo_ws/devel/.private/dingo_control/lib/python3/dist-packages/dingo_control/msg/_JointSpace.py, /home/dingo/DingoQuadruped/dingo_ws/devel/lib/python3/dist-packages/dingo_control/msg/_JointSpace.py)
Linked: (/home/dingo/DingoQuadruped/dingo_ws/devel/.private/dingo_control/lib/python3/dist-packages/dingo_control/msg/__init__.py, /home/dingo/DingoQuadruped/dingo_ws/devel/lib/python3/dist-packages/dingo_control/msg/__init__.py)
Linked: (/home/dingo/DingoQuadruped/dingo_ws/devel/.private/dingo_control/share/roseus/ros/dingo_control/manifest.l, /home/dingo/DingoQuadruped/dingo_ws/devel/share/roseus/ros/dingo_control/manifest.l)
Linked: (/home/dingo/DingoQuadruped/dingo_ws/devel/.private/dingo_control/share/roseus/ros/dingo_control/msg/Angle.l, /home/dingo/DingoQuadruped/dingo_ws/devel/share/roseus/ros/dingo_control/msg/Angle.l)
Linked: (/home/dingo/DingoQuadruped/dingo_ws/devel/.private/dingo_control/share/roseus/ros/dingo_control/msg/JointSpace.l, /home/dingo/DingoQuadruped/dingo_ws/devel/share/roseus/ros/dingo_control/msg/JointSpace.l)
Linked: (/home/dingo/DingoQuadruped/dingo_ws/devel/.private/dingo_control/share/roseus/ros/dingo_control/msg/TaskSpace.l, /home/dingo/DingoQuadruped/dingo_ws/devel/share/roseus/ros/dingo_control/msg/TaskSpace.l)
Linked: (/home/dingo/DingoQuadruped/dingo_ws/devel/.private/dingo_control/share/common-lisp/ros/dingo_control/msg/JointSpace.lisp, /home/dingo/DingoQuadruped/dingo_ws/devel/share/common-lisp/ros/dingo_control/msg/JointSpace.lisp)
Linked: (/home/dingo/DingoQuadruped/dingo_ws/devel/.private/dingo_control/share/common-lisp/ros/dingo_control/msg/Angle.lisp, /home/dingo/DingoQuadruped/dingo_ws/devel/share/common-lisp/ros/dingo_control/msg/Angle.lisp)
Linked: (/home/dingo/DingoQuadruped/dingo_ws/devel/.private/dingo_control/share/common-lisp/ros/dingo_control/msg/TaskSpace.lisp, /home/dingo/DingoQuadruped/dingo_ws/devel/share/common-lisp/ros/dingo_control/msg/TaskSpace.lisp)
Linked: (/home/dingo/DingoQuadruped/dingo_ws/devel/.private/dingo_control/share/common-lisp/ros/dingo_control/msg/dingo_control-msg.asd, /home/dingo/DingoQuadruped/dingo_ws/devel/share/common-lisp/ros/dingo_control/msg/dingo_control-msg.asd)
Linked: (/home/dingo/DingoQuadruped/dingo_ws/devel/.private/dingo_control/share/common-lisp/ros/dingo_control/msg/_package_Angle.lisp, /home/dingo/DingoQuadruped/dingo_ws/devel/share/common-lisp/ros/dingo_control/msg/_package_Angle.lisp)
Linked: (/home/dingo/DingoQuadruped/dingo_ws/devel/.private/dingo_control/share/common-lisp/ros/dingo_control/msg/_package_JointSpace.lisp, /home/dingo/DingoQuadruped/dingo_ws/devel/share/common-lisp/ros/dingo_control/msg/_package_JointSpace.lisp)
Linked: (/home/dingo/DingoQuadruped/dingo_ws/devel/.private/dingo_control/share/common-lisp/ros/dingo_control/msg/_package_TaskSpace.lisp, /home/dingo/DingoQuadruped/dingo_ws/devel/share/common-lisp/ros/dingo_control/msg/_package_TaskSpace.lisp)
Linked: (/home/dingo/DingoQuadruped/dingo_ws/devel/.private/dingo_control/share/common-lisp/ros/dingo_control/msg/_package.lisp, /home/dingo/DingoQuadruped/dingo_ws/devel/share/common-lisp/ros/dingo_control/msg/_package.lisp)
Linked: (/home/dingo/DingoQuadruped/dingo_ws/devel/.private/dingo_control/share/dingo_control/cmake/dingo_controlConfig-version.cmake, /home/dingo/DingoQuadruped/dingo_ws/devel/share/dingo_control/cmake/dingo_controlConfig-version.cmake)
Linked: (/home/dingo/DingoQuadruped/dingo_ws/devel/.private/dingo_control/share/dingo_control/cmake/dingo_control-msg-paths.cmake, /home/dingo/DingoQuadruped/dingo_ws/devel/share/dingo_control/cmake/dingo_control-msg-paths.cmake)
Linked: (/home/dingo/DingoQuadruped/dingo_ws/devel/.private/dingo_control/share/dingo_control/cmake/dingo_controlConfig.cmake, /home/dingo/DingoQuadruped/dingo_ws/devel/share/dingo_control/cmake/dingo_controlConfig.cmake)
Linked: (/home/dingo/DingoQuadruped/dingo_ws/devel/.private/dingo_control/share/dingo_control/cmake/dingo_control-msg-extras.cmake, /home/dingo/DingoQuadruped/dingo_ws/devel/share/dingo_control/cmake/dingo_control-msg-extras.cmake)
Linked: (/home/dingo/DingoQuadruped/dingo_ws/devel/.private/dingo_control/share/gennodejs/ros/dingo_control/_index.js, /home/dingo/DingoQuadruped/dingo_ws/devel/share/gennodejs/ros/dingo_control/_index.js)
Linked: (/home/dingo/DingoQuadruped/dingo_ws/devel/.private/dingo_control/share/gennodejs/ros/dingo_control/msg/Angle.js, /home/dingo/DingoQuadruped/dingo_ws/devel/share/gennodejs/ros/dingo_control/msg/Angle.js)
Linked: (/home/dingo/DingoQuadruped/dingo_ws/devel/.private/dingo_control/share/gennodejs/ros/dingo_control/msg/_index.js, /home/dingo/DingoQuadruped/dingo_ws/devel/share/gennodejs/ros/dingo_control/msg/_index.js)
Linked: (/home/dingo/DingoQuadruped/dingo_ws/devel/.private/dingo_control/share/gennodejs/ros/dingo_control/msg/JointSpace.js, /home/dingo/DingoQuadruped/dingo_ws/devel/share/gennodejs/ros/dingo_control/msg/JointSpace.js)
Linked: (/home/dingo/DingoQuadruped/dingo_ws/devel/.private/dingo_control/share/gennodejs/ros/dingo_control/msg/TaskSpace.js, /home/dingo/DingoQuadruped/dingo_ws/devel/share/gennodejs/ros/dingo_control/msg/TaskSpace.js)
