Scanning dependencies of target rplidarNodeClient
Scanning dependencies of target rplidarNode
[  5%] Building CXX object CMakeFiles/rplidarNodeClient.dir/src/client.cpp.o
[ 10%] Building CXX object CMakeFiles/rplidarNode.dir/src/node.cpp.o
[ 15%] Building CXX object CMakeFiles/rplidarNode.dir/sdk/src/arch/linux/net_serial.cpp.o
[ 20%] Building CXX object CMakeFiles/rplidarNode.dir/sdk/src/arch/linux/net_socket.cpp.o
[01m[K/home/dingo/DingoQuadruped/dingo_ws/src/rplidar_ros/sdk/src/arch/linux/net_serial.cpp:[m[K In member function ‘[01m[Kvirtual void rp::arch::net::raw_serial::cancelOperation()[m[K’:
[01m[K/home/dingo/DingoQuadruped/dingo_ws/src/rplidar_ros/sdk/src/arch/linux/net_serial.cpp:427:17:[m[K [01;35m[Kwarning: [m[Kignoring return value of ‘[01m[Kssize_t write(int, const void*, size_t)[m[K’, declared with attribute warn_unused_result [[01;35m[K-Wunused-result[m[K]
  427 |     (int)[01;35m[K::write(_selfpipe[1], "x", 1)[m[K;
      |          [01;35m[K~~~~~~~^~~~~~~~~~~~~~~~~~~~~~[m[K
[ 25%] Building CXX object CMakeFiles/rplidarNode.dir/sdk/src/arch/linux/timer.cpp.o
[ 30%] Building CXX object CMakeFiles/rplidarNode.dir/sdk/src/dataunpacker/dataunpacker.cpp.o
[ 35%] Building CXX object CMakeFiles/rplidarNode.dir/sdk/src/dataunpacker/unpacker/handler_capsules.cpp.o
[ 40%] Building CXX object CMakeFiles/rplidarNode.dir/sdk/src/dataunpacker/unpacker/handler_hqnode.cpp.o
[ 45%] Building CXX object CMakeFiles/rplidarNode.dir/sdk/src/dataunpacker/unpacker/handler_normalnode.cpp.o
[ 50%] Building CXX object CMakeFiles/rplidarNode.dir/sdk/src/hal/thread.cpp.o
[ 55%] Building CXX object CMakeFiles/rplidarNode.dir/sdk/src/rplidar_driver.cpp.o
[ 60%] Building CXX object CMakeFiles/rplidarNode.dir/sdk/src/sl_async_transceiver.cpp.o
[ 65%] Building CXX object CMakeFiles/rplidarNode.dir/sdk/src/sl_crc.cpp.o
[ 70%] Building CXX object CMakeFiles/rplidarNode.dir/sdk/src/sl_lidar_driver.cpp.o
[ 75%] Building CXX object CMakeFiles/rplidarNode.dir/sdk/src/sl_lidarprotocol_codec.cpp.o
[ 80%] Linking CXX executable /home/dingo/DingoQuadruped/dingo_ws/devel/.private/rplidar_ros/lib/rplidar_ros/rplidarNodeClient
[ 80%] Built target rplidarNodeClient
[ 85%] Building CXX object CMakeFiles/rplidarNode.dir/sdk/src/sl_serial_channel.cpp.o
[ 90%] Building CXX object CMakeFiles/rplidarNode.dir/sdk/src/sl_tcp_channel.cpp.o
[ 95%] Building CXX object CMakeFiles/rplidarNode.dir/sdk/src/sl_udp_channel.cpp.o
[100%] Linking CXX executable /home/dingo/DingoQuadruped/dingo_ws/devel/.private/rplidar_ros/lib/rplidar_ros/rplidarNode
[100%] Built target rplidarNode
