Symlinking /home/dingo/DingoQuadruped/dingo_ws/devel/include/dingo_peripheral_interfacing/ElectricalMeasurements.h
Symlinking /home/dingo/DingoQuadruped/dingo_ws/devel/lib/pkgconfig/dingo_peripheral_interfacing.pc
Symlinking /home/dingo/DingoQuadruped/dingo_ws/devel/lib/python3/dist-packages/dingo_peripheral_interfacing/__init__.py
Symlinking /home/dingo/DingoQuadruped/dingo_ws/devel/lib/python3/dist-packages/dingo_peripheral_interfacing/msg/_ElectricalMeasurements.py
Symlinking /home/dingo/DingoQuadruped/dingo_ws/devel/lib/python3/dist-packages/dingo_peripheral_interfacing/msg/__init__.py
Symlinking /home/dingo/DingoQuadruped/dingo_ws/devel/lib/dingo_peripheral_interfacing/cmake.lock
Symlinking /home/dingo/DingoQuadruped/dingo_ws/devel/lib/dingo_peripheral_interfacing/battery_voltage_checking.py
Symlinking /home/dingo/DingoQuadruped/dingo_ws/devel/share/roseus/ros/dingo_peripheral_interfacing/manifest.l
Symlinking /home/dingo/DingoQuadruped/dingo_ws/devel/share/roseus/ros/dingo_peripheral_interfacing/msg/ElectricalMeasurements.l
Symlinking /home/dingo/DingoQuadruped/dingo_ws/devel/share/common-lisp/ros/dingo_peripheral_interfacing/msg/dingo_peripheral_interfacing-msg.asd
Symlinking /home/dingo/DingoQuadruped/dingo_ws/devel/share/common-lisp/ros/dingo_peripheral_interfacing/msg/ElectricalMeasurements.lisp
Symlinking /home/dingo/DingoQuadruped/dingo_ws/devel/share/common-lisp/ros/dingo_peripheral_interfacing/msg/_package_ElectricalMeasurements.lisp
Symlinking /home/dingo/DingoQuadruped/dingo_ws/devel/share/common-lisp/ros/dingo_peripheral_interfacing/msg/_package.lisp
Symlinking /home/dingo/DingoQuadruped/dingo_ws/devel/share/gennodejs/ros/dingo_peripheral_interfacing/_index.js
Symlinking /home/dingo/DingoQuadruped/dingo_ws/devel/share/gennodejs/ros/dingo_peripheral_interfacing/msg/_index.js
Symlinking /home/dingo/DingoQuadruped/dingo_ws/devel/share/gennodejs/ros/dingo_peripheral_interfacing/msg/ElectricalMeasurements.js
Symlinking /home/dingo/DingoQuadruped/dingo_ws/devel/share/dingo_peripheral_interfacing/cmake/dingo_peripheral_interfacingConfig.cmake
Symlinking /home/dingo/DingoQuadruped/dingo_ws/devel/share/dingo_peripheral_interfacing/cmake/dingo_peripheral_interfacing-msg-extras.cmake
Symlinking /home/dingo/DingoQuadruped/dingo_ws/devel/share/dingo_peripheral_interfacing/cmake/dingo_peripheral_interfacingConfig-version.cmake
Symlinking /home/dingo/DingoQuadruped/dingo_ws/devel/share/dingo_peripheral_interfacing/cmake/dingo_peripheral_interfacing-msg-paths.cmake
